<?xml version="1.0" encoding="UTF-8"?>
<testsuite xmlns:xsi="http://www.w3.org/2001/XMLSchema-instance" xsi:noNamespaceSchemaLocation="https://maven.apache.org/surefire/maven-surefire-plugin/xsd/surefire-test-report.xsd" version="3.0.1" name="com.example.ClubTest" time="0.132" tests="10" errors="2" skipped="0" failures="0">
  <properties>
[...]
</properties>
  <testcase name="testAsignacionDeportistaAUnEquipo" classname="com.example.ClubTest" time="0.041"/>
  <testcase name="testDeportistaSoloUnEquipo" classname="com.example.ClubTest" time="0.002">
    <system-out><![CDATA[El deportista ya esta en un equipo
]]></system-out>
  </testcase>
  <testcase name="testRegistroDeportistaCorrecto" classname="com.example.ClubTest" time="0.002"/>
  <testcase name="testPartidoSinErroresAsignacionCancha" classname="com.example.ClubTest" time="0.011">
    <error message="Unresolved compilation problems: &#10;	The public type Main must be defined in its own file&#10;	Partido cannot be resolved to a type&#10;	Partido cannot be resolved to a type&#10;	Syntax error on token &quot;}&quot;, @ expected&#10;	Explicación cannot be resolved to a type&#10;	Syntax error, insert &quot;Identifier (&quot; to complete MethodHeaderName&#10;	Syntax error, insert &quot;)&quot; to complete MethodDeclaration&#10;	Syntax error, insert &quot;;&quot; to complete MethodDeclaration&#10;	Syntax error, insert &quot;}&quot; to complete ClassBody&#10;" type="java.lang.Error"><![CDATA[java.lang.Error: 
Unresolved compilation problems: 
	The public type Main must be defined in its own file
	Partido cannot be resolved to a type
	Partido cannot be resolved to a type
	Syntax error on token "}", @ expected
	Explicación cannot be resolved to a type
	Syntax error, insert "Identifier (" to complete MethodHeaderName
	Syntax error, insert ")" to complete MethodDeclaration
	Syntax error, insert ";" to complete MethodDeclaration
	Syntax error, insert "}" to complete ClassBody

	at com.example.Partidos.<init>(Partidos.java:70)
	at com.example.ClubTest.testPartidoSinErroresAsignacionCancha(ClubTest.java:103)
	at java.base/java.lang.reflect.Method.invoke(Method.java:580)
	at java.base/java.util.ArrayList.forEach(ArrayList.java:1596)
	at java.base/java.util.ArrayList.forEach(ArrayList.java:1596)
]]></error>
  </testcase>
  <testcase name="testEntrenadorSoloUnEquipo" classname="com.example.ClubTest" time="0.003">
    <system-out><![CDATA[El entrenador ya está asignado a un equipo
]]></system-out>
  </testcase>
  <testcase name="testRegistroDeportistaDuplicado" classname="com.example.ClubTest" time="0.002"/>
  <testcase name="testRegistroEntrenadorCorrecto" classname="com.example.ClubTest" time="0.003"/>
  <testcase name="testRegistroEntrenadorDuplicado" classname="com.example.ClubTest" time="0.002"/>
  <testcase name="testCreacionEquipoCorrecta" classname="com.example.ClubTest" time="0.003"/>
  <testcase name="testRegistroPartidoCorrecto" classname="com.example.ClubTest" time="0.004">
    <error message="Unresolved compilation problems: &#10;	Partido cannot be resolved to a type&#10;	The method gestionarPartido(Partidos) is undefined for the type Club&#10;	The method getPartidos() is undefined for the type Club&#10;" type="java.lang.Error"><![CDATA[java.lang.Error: 
Unresolved compilation problems: 
	Partido cannot be resolved to a type
	The method gestionarPartido(Partidos) is undefined for the type Club
	The method getPartidos() is undefined for the type Club

	at com.example.ClubTest.testRegistroPartidoCorrecto(ClubTest.java:94)
	at java.base/java.lang.reflect.Method.invoke(Method.java:580)
	at java.base/java.util.ArrayList.forEach(ArrayList.java:1596)
	at java.base/java.util.ArrayList.forEach(ArrayList.java:1596)
]]></error>
  </testcase>
</testsuite>