<?xml version="1.0" encoding="UTF-8"?>
<testsuite xmlns:xsi="http://www.w3.org/2001/XMLSchema-instance" xsi:noNamespaceSchemaLocation="https://maven.apache.org/surefire/maven-surefire-plugin/xsd/surefire-test-report.xsd" version="3.0.1" name="com.example.ClubTest" time="0.135" tests="10" errors="10" skipped="0" failures="0">
  <properties>
[...]
</properties>
  <testcase name="testAsignacionDeportistaAUnEquipo" classname="com.example.ClubTest" time="0.044">
    <error message="Unresolved compilation problem: &#10;	The method getEquipo() is undefined for the type Deportista&#10;" type="java.lang.Error"><![CDATA[java.lang.Error: 
Unresolved compilation problem: 
	The method getEquipo() is undefined for the type Deportista

	at com.example.ClubTest.testAsignacionDeportistaAUnEquipo(ClubTest.java:64)
	at java.base/java.lang.reflect.Method.invoke(Method.java:580)
	at java.base/java.util.ArrayList.forEach(ArrayList.java:1596)
	at java.base/java.util.ArrayList.forEach(ArrayList.java:1596)
]]></error>
  </testcase>
  <testcase name="testDeportistaSoloUnEquipo" classname="com.example.ClubTest" time="0.005">
    <error message="Unresolved compilation problem: &#10;	The method getEquipo() is undefined for the type Deportista&#10;" type="java.lang.Error"><![CDATA[java.lang.Error: 
Unresolved compilation problem: 
	The method getEquipo() is undefined for the type Deportista

	at com.example.ClubTest.testDeportistaSoloUnEquipo(ClubTest.java:75)
	at java.base/java.lang.reflect.Method.invoke(Method.java:580)
	at java.base/java.util.ArrayList.forEach(ArrayList.java:1596)
	at java.base/java.util.ArrayList.forEach(ArrayList.java:1596)
]]></error>
  </testcase>
  <testcase name="testRegistroDeportistaCorrecto" classname="com.example.ClubTest" time="0.004">
    <error message="Unresolved compilation problem: &#10;	The method getDeportistas() is undefined for the type Club&#10;" type="java.lang.Error"><![CDATA[java.lang.Error: 
Unresolved compilation problem: 
	The method getDeportistas() is undefined for the type Club

	at com.example.ClubTest.testRegistroDeportistaCorrecto(ClubTest.java:31)
	at java.base/java.lang.reflect.Method.invoke(Method.java:580)
	at java.base/java.util.ArrayList.forEach(ArrayList.java:1596)
	at java.base/java.util.ArrayList.forEach(ArrayList.java:1596)
]]></error>
  </testcase>
  <testcase name="testPartidoSinErroresAsignacionCancha" classname="com.example.ClubTest" time="0.003">
    <error message="Unresolved compilation problems: &#10;	Partido cannot be resolved to a type&#10;	Partido cannot be resolved to a type&#10;	The method assertTrue(boolean, String) is undefined for the type ClubTest&#10;" type="java.lang.Error"><![CDATA[java.lang.Error: 
Unresolved compilation problems: 
	Partido cannot be resolved to a type
	Partido cannot be resolved to a type
	The method assertTrue(boolean, String) is undefined for the type ClubTest

	at com.example.ClubTest.testPartidoSinErroresAsignacionCancha(ClubTest.java:101)
	at java.base/java.lang.reflect.Method.invoke(Method.java:580)
	at java.base/java.util.ArrayList.forEach(ArrayList.java:1596)
	at java.base/java.util.ArrayList.forEach(ArrayList.java:1596)
]]></error>
  </testcase>
  <testcase name="testEntrenadorSoloUnEquipo" classname="com.example.ClubTest" time="0.003">
    <error message="Unresolved compilation problem: &#10;	The method getEquipo() is undefined for the type Entrenador&#10;" type="java.lang.Error"><![CDATA[java.lang.Error: 
Unresolved compilation problem: 
	The method getEquipo() is undefined for the type Entrenador

	at com.example.ClubTest.testEntrenadorSoloUnEquipo(ClubTest.java:86)
	at java.base/java.lang.reflect.Method.invoke(Method.java:580)
	at java.base/java.util.ArrayList.forEach(ArrayList.java:1596)
	at java.base/java.util.ArrayList.forEach(ArrayList.java:1596)
]]></error>
  </testcase>
  <testcase name="testRegistroDeportistaDuplicado" classname="com.example.ClubTest" time="0.004">
    <error message="Unresolved compilation problem: &#10;	The method getDeportistas() is undefined for the type Club&#10;" type="java.lang.Error"><![CDATA[java.lang.Error: 
Unresolved compilation problem: 
	The method getDeportistas() is undefined for the type Club

	at com.example.ClubTest.testRegistroDeportistaDuplicado(ClubTest.java:38)
	at java.base/java.lang.reflect.Method.invoke(Method.java:580)
	at java.base/java.util.ArrayList.forEach(ArrayList.java:1596)
	at java.base/java.util.ArrayList.forEach(ArrayList.java:1596)
]]></error>
  </testcase>
  <testcase name="testRegistroEntrenadorCorrecto" classname="com.example.ClubTest" time="0.003">
    <error message="Unresolved compilation problems: &#10;	The method registrarEntrenador(Entrenador) is undefined for the type Club&#10;	The method getEntrenadores() is undefined for the type Club&#10;" type="java.lang.Error"><![CDATA[java.lang.Error: 
Unresolved compilation problems: 
	The method registrarEntrenador(Entrenador) is undefined for the type Club
	The method getEntrenadores() is undefined for the type Club

	at com.example.ClubTest.testRegistroEntrenadorCorrecto(ClubTest.java:43)
	at java.base/java.lang.reflect.Method.invoke(Method.java:580)
	at java.base/java.util.ArrayList.forEach(ArrayList.java:1596)
	at java.base/java.util.ArrayList.forEach(ArrayList.java:1596)
]]></error>
  </testcase>
  <testcase name="testRegistroEntrenadorDuplicado" classname="com.example.ClubTest" time="0.003">
    <error message="Unresolved compilation problems: &#10;	The method registrarEntrenador(Entrenador) is undefined for the type Club&#10;	The method registrarEntrenador(Entrenador) is undefined for the type Club&#10;	The method getEntrenadores() is undefined for the type Club&#10;" type="java.lang.Error"><![CDATA[java.lang.Error: 
Unresolved compilation problems: 
	The method registrarEntrenador(Entrenador) is undefined for the type Club
	The method registrarEntrenador(Entrenador) is undefined for the type Club
	The method getEntrenadores() is undefined for the type Club

	at com.example.ClubTest.testRegistroEntrenadorDuplicado(ClubTest.java:49)
	at java.base/java.lang.reflect.Method.invoke(Method.java:580)
	at java.base/java.util.ArrayList.forEach(ArrayList.java:1596)
	at java.base/java.util.ArrayList.forEach(ArrayList.java:1596)
]]></error>
  </testcase>
  <testcase name="testCreacionEquipoCorrecta" classname="com.example.ClubTest" time="0.002">
    <error message="Unresolved compilation problems: &#10;	The method registrarEquipo(Equipo) is undefined for the type Club&#10;	The method getEquipos() is undefined for the type Club&#10;" type="java.lang.Error"><![CDATA[java.lang.Error: 
Unresolved compilation problems: 
	The method registrarEquipo(Equipo) is undefined for the type Club
	The method getEquipos() is undefined for the type Club

	at com.example.ClubTest.testCreacionEquipoCorrecta(ClubTest.java:56)
	at java.base/java.lang.reflect.Method.invoke(Method.java:580)
	at java.base/java.util.ArrayList.forEach(ArrayList.java:1596)
	at java.base/java.util.ArrayList.forEach(ArrayList.java:1596)
]]></error>
  </testcase>
  <testcase name="testRegistroPartidoCorrecto" classname="com.example.ClubTest" time="0.002">
    <error message="Unresolved compilation problems: &#10;	Partido cannot be resolved to a type&#10;	Partido cannot be resolved to a type&#10;	The method getPartidos() is undefined for the type Club&#10;" type="java.lang.Error"><![CDATA[java.lang.Error: 
Unresolved compilation problems: 
	Partido cannot be resolved to a type
	Partido cannot be resolved to a type
	The method getPartidos() is undefined for the type Club

	at com.example.ClubTest.testRegistroPartidoCorrecto(ClubTest.java:92)
	at java.base/java.lang.reflect.Method.invoke(Method.java:580)
	at java.base/java.util.ArrayList.forEach(ArrayList.java:1596)
	at java.base/java.util.ArrayList.forEach(ArrayList.java:1596)
]]></error>
  </testcase>
</testsuite>