<?xml version="1.0" encoding="UTF-8"?>
<testsuite xmlns:xsi="http://www.w3.org/2001/XMLSchema-instance" xsi:noNamespaceSchemaLocation="https://maven.apache.org/surefire/maven-surefire-plugin/xsd/surefire-test-report.xsd" version="3.0.1" name="com.example.ClubTest" time="0.142" tests="10" errors="2" skipped="0" failures="2">
  <properties>
[...]
</properties>
  <testcase name="testAsignacionDeportistaAUnEquipo" classname="com.example.ClubTest" time="0.042"/>
  <testcase name="testDeportistaSoloUnEquipo" classname="com.example.ClubTest" time="0.002">
    <system-out><![CDATA[El deportista ya esta en un equipo
]]></system-out>
  </testcase>
  <testcase name="testRegistroDeportistaCorrecto" classname="com.example.ClubTest" time="0.002"/>
  <testcase name="testPartidoSinErroresAsignacionCancha" classname="com.example.ClubTest" time="0.011">
    <error message="Unresolved compilation problems: &#10;	The method assertTrue(boolean, String) is undefined for the type ClubTest&#10;	The method getCancha() is undefined for the type Partidos&#10;" type="java.lang.Error"><![CDATA[java.lang.Error: 
Unresolved compilation problems: 
	The method assertTrue(boolean, String) is undefined for the type ClubTest
	The method getCancha() is undefined for the type Partidos

	at com.example.ClubTest.testPartidoSinErroresAsignacionCancha(ClubTest.java:103)
	at java.base/java.lang.reflect.Method.invoke(Method.java:580)
	at java.base/java.util.ArrayList.forEach(ArrayList.java:1596)
	at java.base/java.util.ArrayList.forEach(ArrayList.java:1596)
]]></error>
  </testcase>
  <testcase name="testEntrenadorSoloUnEquipo" classname="com.example.ClubTest" time="0.003">
    <system-out><![CDATA[El entrenador ya está asignado a un equipo
]]></system-out>
  </testcase>
  <testcase name="testRegistroDeportistaDuplicado" classname="com.example.ClubTest" time="0.007">
    <failure message="No se deben registrar deportistas duplicados ==&gt; expected: &lt;1&gt; but was: &lt;2&gt;" type="org.opentest4j.AssertionFailedError"><![CDATA[org.opentest4j.AssertionFailedError: No se deben registrar deportistas duplicados ==> expected: <1> but was: <2>
	at org.junit.jupiter.api.AssertionFailureBuilder.build(AssertionFailureBuilder.java:151)
	at org.junit.jupiter.api.AssertionFailureBuilder.buildAndThrow(AssertionFailureBuilder.java:132)
	at org.junit.jupiter.api.AssertEquals.failNotEqual(AssertEquals.java:197)
	at org.junit.jupiter.api.AssertEquals.assertEquals(AssertEquals.java:150)
	at org.junit.jupiter.api.Assertions.assertEquals(Assertions.java:563)
	at com.example.ClubTest.testRegistroDeportistaDuplicado(ClubTest.java:38)
	at java.base/java.lang.reflect.Method.invoke(Method.java:580)
	at java.base/java.util.ArrayList.forEach(ArrayList.java:1596)
	at java.base/java.util.ArrayList.forEach(ArrayList.java:1596)
]]></failure>
  </testcase>
  <testcase name="testRegistroEntrenadorCorrecto" classname="com.example.ClubTest" time="0.003"/>
  <testcase name="testRegistroEntrenadorDuplicado" classname="com.example.ClubTest" time="0.003">
    <failure message="No se deben registrar entrenadores duplicados ==&gt; expected: &lt;1&gt; but was: &lt;2&gt;" type="org.opentest4j.AssertionFailedError"><![CDATA[org.opentest4j.AssertionFailedError: No se deben registrar entrenadores duplicados ==> expected: <1> but was: <2>
	at org.junit.jupiter.api.AssertionFailureBuilder.build(AssertionFailureBuilder.java:151)
	at org.junit.jupiter.api.AssertionFailureBuilder.buildAndThrow(AssertionFailureBuilder.java:132)
	at org.junit.jupiter.api.AssertEquals.failNotEqual(AssertEquals.java:197)
	at org.junit.jupiter.api.AssertEquals.assertEquals(AssertEquals.java:150)
	at org.junit.jupiter.api.Assertions.assertEquals(Assertions.java:563)
	at com.example.ClubTest.testRegistroEntrenadorDuplicado(ClubTest.java:51)
	at java.base/java.lang.reflect.Method.invoke(Method.java:580)
	at java.base/java.util.ArrayList.forEach(ArrayList.java:1596)
	at java.base/java.util.ArrayList.forEach(ArrayList.java:1596)
]]></failure>
  </testcase>
  <testcase name="testCreacionEquipoCorrecta" classname="com.example.ClubTest" time="0.002"/>
  <testcase name="testRegistroPartidoCorrecto" classname="com.example.ClubTest" time="0.003">
    <error message="Unresolved compilation problems: &#10;	Partido cannot be resolved to a type&#10;	Partido cannot be resolved to a type&#10;	The method getPartidos() is undefined for the type Club&#10;" type="java.lang.Error"><![CDATA[java.lang.Error: 
Unresolved compilation problems: 
	Partido cannot be resolved to a type
	Partido cannot be resolved to a type
	The method getPartidos() is undefined for the type Club

	at com.example.ClubTest.testRegistroPartidoCorrecto(ClubTest.java:92)
	at java.base/java.lang.reflect.Method.invoke(Method.java:580)
	at java.base/java.util.ArrayList.forEach(ArrayList.java:1596)
	at java.base/java.util.ArrayList.forEach(ArrayList.java:1596)
]]></error>
  </testcase>
</testsuite>